  [1m[35m (2612.0ms)[0m  [1m[35mCREATE DATABASE "polls_app_development" ENCODING = 'unicode'[0m
  ↳ bin/rails:9
  [1m[35m (1946.7ms)[0m  [1m[35mCREATE DATABASE "polls_app_test" ENCODING = 'unicode'[0m
  ↳ bin/rails:9
  [1m[35m (95.1ms)[0m  [1m[35mCREATE TABLE "schema_migrations" ("version" character varying NOT NULL PRIMARY KEY)[0m
  ↳ bin/rails:9
  [1m[35m (10.2ms)[0m  [1m[35mCREATE TABLE "ar_internal_metadata" ("key" character varying NOT NULL PRIMARY KEY, "value" character varying, "created_at" timestamp NOT NULL, "updated_at" timestamp NOT NULL)[0m
  ↳ bin/rails:9
  [1m[35m (0.1ms)[0m  [1m[34mSELECT pg_try_advisory_lock(4042686100896465855)[0m
  ↳ bin/rails:9
  [1m[35m (9.1ms)[0m  [1m[34mSELECT "schema_migrations"."version" FROM "schema_migrations" ORDER BY "schema_migrations"."version" ASC[0m
  ↳ bin/rails:9
Migrating to CreateUsers (20210708192643)
  [1m[35m (0.1ms)[0m  [1m[35mBEGIN[0m
  ↳ bin/rails:9
  [1m[35m (15.3ms)[0m  [1m[35mCREATE TABLE "users" ("id" bigserial primary key, "username" character varying NOT NULL, "created_at" timestamp NOT NULL, "updated_at" timestamp NOT NULL)[0m
  ↳ db/migrate/20210708192643_create_users.rb:3
  [1m[35m (3.3ms)[0m  [1m[35mCREATE UNIQUE INDEX  "index_users_on_username" ON "users"  ("username")[0m
  ↳ db/migrate/20210708192643_create_users.rb:8
  [1m[36mActiveRecord::SchemaMigration Create (1.1ms)[0m  [1m[32mINSERT INTO "schema_migrations" ("version") VALUES ($1) RETURNING "version"[0m  [["version", "20210708192643"]]
  ↳ bin/rails:9
  [1m[35m (1.4ms)[0m  [1m[35mCOMMIT[0m
  ↳ bin/rails:9
Migrating to CreatePolls (20210708192716)
  [1m[35m (0.6ms)[0m  [1m[35mBEGIN[0m
  ↳ bin/rails:9
  [1m[35m (11.5ms)[0m  [1m[35mCREATE TABLE "polls" ("id" bigserial primary key, "title" character varying NOT NULL, "author_id" integer NOT NULL, "created_at" timestamp NOT NULL, "updated_at" timestamp NOT NULL)[0m
  ↳ db/migrate/20210708192716_create_polls.rb:3
  [1m[35m (3.2ms)[0m  [1m[35mCREATE  INDEX  "index_polls_on_author_id" ON "polls"  ("author_id")[0m
  ↳ db/migrate/20210708192716_create_polls.rb:10
  [1m[36mActiveRecord::SchemaMigration Create (0.4ms)[0m  [1m[32mINSERT INTO "schema_migrations" ("version") VALUES ($1) RETURNING "version"[0m  [["version", "20210708192716"]]
  ↳ bin/rails:9
  [1m[35m (1.9ms)[0m  [1m[35mCOMMIT[0m
  ↳ bin/rails:9
Migrating to CreateQuestions (20210708192724)
  [1m[35m (0.6ms)[0m  [1m[35mBEGIN[0m
  ↳ bin/rails:9
  [1m[35m (12.9ms)[0m  [1m[35mCREATE TABLE "questions" ("id" bigserial primary key, "text" character varying NOT NULL, "poll_id" integer NOT NULL, "created_at" timestamp NOT NULL, "updated_at" timestamp NOT NULL)[0m
  ↳ db/migrate/20210708192724_create_questions.rb:3
  [1m[35m (2.9ms)[0m  [1m[35mCREATE  INDEX  "index_questions_on_poll_id" ON "questions"  ("poll_id")[0m
  ↳ db/migrate/20210708192724_create_questions.rb:10
  [1m[36mActiveRecord::SchemaMigration Create (1.9ms)[0m  [1m[32mINSERT INTO "schema_migrations" ("version") VALUES ($1) RETURNING "version"[0m  [["version", "20210708192724"]]
  ↳ bin/rails:9
  [1m[35m (2.6ms)[0m  [1m[35mCOMMIT[0m
  ↳ bin/rails:9
Migrating to CreateAnswerChoices (20210708192733)
  [1m[35m (0.7ms)[0m  [1m[35mBEGIN[0m
  ↳ bin/rails:9
  [1m[35m (11.3ms)[0m  [1m[35mCREATE TABLE "answer_choices" ("id" bigserial primary key, "text" character varying NOT NULL, "question_id" integer NOT NULL, "created_at" timestamp NOT NULL, "updated_at" timestamp NOT NULL)[0m
  ↳ db/migrate/20210708192733_create_answer_choices.rb:3
  [1m[35m (3.9ms)[0m  [1m[35mCREATE  INDEX  "index_answer_choices_on_question_id" ON "answer_choices"  ("question_id")[0m
  ↳ db/migrate/20210708192733_create_answer_choices.rb:10
  [1m[36mActiveRecord::SchemaMigration Create (0.3ms)[0m  [1m[32mINSERT INTO "schema_migrations" ("version") VALUES ($1) RETURNING "version"[0m  [["version", "20210708192733"]]
  ↳ bin/rails:9
  [1m[35m (1.7ms)[0m  [1m[35mCOMMIT[0m
  ↳ bin/rails:9
Migrating to CreateResponses (20210708192745)
  [1m[35m (0.7ms)[0m  [1m[35mBEGIN[0m
  ↳ bin/rails:9
  [1m[35m (8.1ms)[0m  [1m[35mCREATE TABLE "responses" ("id" bigserial primary key, "answer_choice_id" integer NOT NULL, "respondent_id" integer NOT NULL, "created_at" timestamp NOT NULL, "updated_at" timestamp NOT NULL)[0m
  ↳ db/migrate/20210708192745_create_responses.rb:3
  [1m[35m (2.9ms)[0m  [1m[35mCREATE  INDEX  "index_responses_on_answer_choice_id" ON "responses"  ("answer_choice_id")[0m
  ↳ db/migrate/20210708192745_create_responses.rb:9
  [1m[35m (3.1ms)[0m  [1m[35mCREATE  INDEX  "index_responses_on_respondent_id" ON "responses"  ("respondent_id")[0m
  ↳ db/migrate/20210708192745_create_responses.rb:10
  [1m[36mActiveRecord::SchemaMigration Create (0.6ms)[0m  [1m[32mINSERT INTO "schema_migrations" ("version") VALUES ($1) RETURNING "version"[0m  [["version", "20210708192745"]]
  ↳ bin/rails:9
  [1m[35m (1.9ms)[0m  [1m[35mCOMMIT[0m
  ↳ bin/rails:9
  [1m[36mActiveRecord::InternalMetadata Load (11.6ms)[0m  [1m[34mSELECT  "ar_internal_metadata".* FROM "ar_internal_metadata" WHERE "ar_internal_metadata"."key" = $1 LIMIT $2[0m  [["key", "environment"], ["LIMIT", 1]]
  ↳ bin/rails:9
  [1m[35m (0.2ms)[0m  [1m[35mBEGIN[0m
  ↳ bin/rails:9
  [1m[36mActiveRecord::InternalMetadata Create (0.8ms)[0m  [1m[32mINSERT INTO "ar_internal_metadata" ("key", "value", "created_at", "updated_at") VALUES ($1, $2, $3, $4) RETURNING "key"[0m  [["key", "environment"], ["value", "development"], ["created_at", "2021-07-08 20:10:26.465798"], ["updated_at", "2021-07-08 20:10:26.465798"]]
  ↳ bin/rails:9
  [1m[35m (1.0ms)[0m  [1m[35mCOMMIT[0m
  ↳ bin/rails:9
  [1m[35m (0.2ms)[0m  [1m[34mSELECT pg_advisory_unlock(4042686100896465855)[0m
  ↳ bin/rails:9
  [1m[35m (0.4ms)[0m  [1m[34mSELECT "schema_migrations"."version" FROM "schema_migrations" ORDER BY "schema_migrations"."version" ASC[0m
  ↳ bin/rails:9
  [1m[35m (7.0ms)[0m  [1m[34mSELECT "schema_migrations"."version" FROM "schema_migrations" ORDER BY "schema_migrations"."version" ASC[0m
  ↳ /home/josh/.rbenv/versions/2.5.1/bin/annotate:23
  [1m[35m (15.0ms)[0m  [1m[34mSELECT "schema_migrations"."version" FROM "schema_migrations" ORDER BY "schema_migrations"."version" ASC[0m
  ↳ /home/josh/.rbenv/versions/2.5.1/bin/annotate:23
  [1m[35m (1.0ms)[0m  [1m[34mSELECT "schema_migrations"."version" FROM "schema_migrations" ORDER BY "schema_migrations"."version" ASC[0m
  ↳ /home/josh/.rbenv/versions/2.5.1/bin/annotate:23
