  [1m[35m (2320.5ms)[0m  [1m[35mCREATE DATABASE "music_app_development" ENCODING = 'unicode'[0m
  [1m[35m (1801.5ms)[0m  [1m[35mCREATE DATABASE "music_app_test" ENCODING = 'unicode'[0m
Started GET "/cats" for ::1 at 2021-08-05 14:02:20 -0500
  
ActionController::RoutingError (No route matches [GET] "/cats"):
  
actionpack (6.0.4) lib/action_dispatch/middleware/debug_exceptions.rb:36:in `call'
web-console (4.1.0) lib/web_console/middleware.rb:132:in `call_app'
web-console (4.1.0) lib/web_console/middleware.rb:28:in `block in call'
web-console (4.1.0) lib/web_console/middleware.rb:17:in `catch'
web-console (4.1.0) lib/web_console/middleware.rb:17:in `call'
actionpack (6.0.4) lib/action_dispatch/middleware/show_exceptions.rb:33:in `call'
railties (6.0.4) lib/rails/rack/logger.rb:37:in `call_app'
railties (6.0.4) lib/rails/rack/logger.rb:26:in `block in call'
activesupport (6.0.4) lib/active_support/tagged_logging.rb:80:in `block in tagged'
activesupport (6.0.4) lib/active_support/tagged_logging.rb:28:in `tagged'
activesupport (6.0.4) lib/active_support/tagged_logging.rb:80:in `tagged'
railties (6.0.4) lib/rails/rack/logger.rb:26:in `call'
sprockets-rails (3.2.2) lib/sprockets/rails/quiet_assets.rb:13:in `call'
actionpack (6.0.4) lib/action_dispatch/middleware/remote_ip.rb:81:in `call'
actionpack (6.0.4) lib/action_dispatch/middleware/request_id.rb:27:in `call'
rack (2.2.3) lib/rack/method_override.rb:24:in `call'
rack (2.2.3) lib/rack/runtime.rb:22:in `call'
activesupport (6.0.4) lib/active_support/cache/strategy/local_cache_middleware.rb:29:in `call'
actionpack (6.0.4) lib/action_dispatch/middleware/executor.rb:14:in `call'
actionpack (6.0.4) lib/action_dispatch/middleware/static.rb:126:in `call'
rack (2.2.3) lib/rack/sendfile.rb:110:in `call'
actionpack (6.0.4) lib/action_dispatch/middleware/host_authorization.rb:82:in `call'
webpacker (4.3.0) lib/webpacker/dev_server_proxy.rb:23:in `perform_request'
rack-proxy (0.7.0) lib/rack/proxy.rb:63:in `call'
railties (6.0.4) lib/rails/engine.rb:527:in `call'
puma (4.3.8) lib/puma/configuration.rb:228:in `call'
puma (4.3.8) lib/puma/server.rb:718:in `handle_request'
puma (4.3.8) lib/puma/server.rb:472:in `process_client'
puma (4.3.8) lib/puma/server.rb:328:in `block in run'
puma (4.3.8) lib/puma/thread_pool.rb:134:in `block in spawn_thread'
Started GET "/" for ::1 at 2021-08-05 14:02:25 -0500
Processing by Rails::WelcomeController#index as HTML
  Rendering /home/josh/.rbenv/versions/2.5.1/lib/ruby/gems/2.5.0/gems/railties-6.0.4/lib/rails/templates/rails/welcome/index.html.erb
  Rendered /home/josh/.rbenv/versions/2.5.1/lib/ruby/gems/2.5.0/gems/railties-6.0.4/lib/rails/templates/rails/welcome/index.html.erb (Duration: 38.6ms | Allocations: 201)
Completed 200 OK in 45ms (Views: 41.8ms | ActiveRecord: 0.0ms | Allocations: 1073)


  
ActionController::RoutingError (No route matches [GET] "/assets/cat_jumbotron.jpg"):
  
actionpack (6.0.4) lib/action_dispatch/middleware/debug_exceptions.rb:36:in `call'
web-console (4.1.0) lib/web_console/middleware.rb:132:in `call_app'
web-console (4.1.0) lib/web_console/middleware.rb:28:in `block in call'
web-console (4.1.0) lib/web_console/middleware.rb:17:in `catch'
web-console (4.1.0) lib/web_console/middleware.rb:17:in `call'
actionpack (6.0.4) lib/action_dispatch/middleware/show_exceptions.rb:33:in `call'
railties (6.0.4) lib/rails/rack/logger.rb:37:in `call_app'
railties (6.0.4) lib/rails/rack/logger.rb:26:in `block in call'
activesupport (6.0.4) lib/active_support/tagged_logging.rb:80:in `block in tagged'
activesupport (6.0.4) lib/active_support/tagged_logging.rb:28:in `tagged'
activesupport (6.0.4) lib/active_support/tagged_logging.rb:80:in `tagged'
railties (6.0.4) lib/rails/rack/logger.rb:26:in `call'
sprockets-rails (3.2.2) lib/sprockets/rails/quiet_assets.rb:11:in `block in call'
activesupport (6.0.4) lib/active_support/logger_silence.rb:36:in `silence'
activesupport (6.0.4) lib/active_support/logger.rb:64:in `block (3 levels) in broadcast'
activesupport (6.0.4) lib/active_support/logger_silence.rb:36:in `silence'
activesupport (6.0.4) lib/active_support/logger.rb:62:in `block (2 levels) in broadcast'
sprockets-rails (3.2.2) lib/sprockets/rails/quiet_assets.rb:11:in `call'
actionpack (6.0.4) lib/action_dispatch/middleware/remote_ip.rb:81:in `call'
actionpack (6.0.4) lib/action_dispatch/middleware/request_id.rb:27:in `call'
rack (2.2.3) lib/rack/method_override.rb:24:in `call'
rack (2.2.3) lib/rack/runtime.rb:22:in `call'
activesupport (6.0.4) lib/active_support/cache/strategy/local_cache_middleware.rb:29:in `call'
actionpack (6.0.4) lib/action_dispatch/middleware/executor.rb:14:in `call'
actionpack (6.0.4) lib/action_dispatch/middleware/static.rb:126:in `call'
rack (2.2.3) lib/rack/sendfile.rb:110:in `call'
actionpack (6.0.4) lib/action_dispatch/middleware/host_authorization.rb:82:in `call'
webpacker (4.3.0) lib/webpacker/dev_server_proxy.rb:23:in `perform_request'
rack-proxy (0.7.0) lib/rack/proxy.rb:63:in `call'
railties (6.0.4) lib/rails/engine.rb:527:in `call'
puma (4.3.8) lib/puma/configuration.rb:228:in `call'
puma (4.3.8) lib/puma/server.rb:718:in `handle_request'
puma (4.3.8) lib/puma/server.rb:472:in `process_client'
puma (4.3.8) lib/puma/server.rb:328:in `block in run'
puma (4.3.8) lib/puma/thread_pool.rb:134:in `block in spawn_thread'
  [1m[35m (84.2ms)[0m  [1m[35mCREATE TABLE "schema_migrations" ("version" character varying NOT NULL PRIMARY KEY)[0m
  [1m[35m (13.8ms)[0m  [1m[35mCREATE TABLE "ar_internal_metadata" ("key" character varying NOT NULL PRIMARY KEY, "value" character varying, "created_at" timestamp(6) NOT NULL, "updated_at" timestamp(6) NOT NULL)[0m
  [1m[35m (0.1ms)[0m  [1m[34mSELECT pg_try_advisory_lock(4505726345591715405)[0m
  [1m[35m (5.8ms)[0m  [1m[34mSELECT "schema_migrations"."version" FROM "schema_migrations" ORDER BY "schema_migrations"."version" ASC[0m
Migrating to CreateUsers (20210805190400)
  [1m[35m (0.1ms)[0m  [1m[35mBEGIN[0m
  [1m[35m (12.2ms)[0m  [1m[35mCREATE TABLE "users" ("id" bigserial primary key, "email" character varying NOT NULL, "password_digest" character varying NOT NULL, "session_token" character varying NOT NULL, "created_at" timestamp(6) NOT NULL, "updated_at" timestamp(6) NOT NULL)[0m
  [1m[35m (3.2ms)[0m  [1m[35mCREATE UNIQUE INDEX  "index_users_on_email" ON "users"  ("email")[0m
  [1m[35m (3.2ms)[0m  [1m[35mCREATE UNIQUE INDEX  "index_users_on_session_token" ON "users"  ("session_token")[0m
  [1m[36mActiveRecord::SchemaMigration Create (1.1ms)[0m  [1m[32mINSERT INTO "schema_migrations" ("version") VALUES ($1) RETURNING "version"[0m  [["version", "20210805190400"]]
  [1m[35m (2.3ms)[0m  [1m[35mCOMMIT[0m
  [1m[36mActiveRecord::InternalMetadata Load (5.5ms)[0m  [1m[34mSELECT "ar_internal_metadata".* FROM "ar_internal_metadata" WHERE "ar_internal_metadata"."key" = $1 LIMIT $2[0m  [["key", "environment"], ["LIMIT", 1]]
  [1m[35m (0.1ms)[0m  [1m[35mBEGIN[0m
  [1m[36mActiveRecord::InternalMetadata Create (1.1ms)[0m  [1m[32mINSERT INTO "ar_internal_metadata" ("key", "value", "created_at", "updated_at") VALUES ($1, $2, $3, $4) RETURNING "key"[0m  [["key", "environment"], ["value", "development"], ["created_at", "2021-08-05 19:20:28.789410"], ["updated_at", "2021-08-05 19:20:28.789410"]]
  [1m[35m (1.1ms)[0m  [1m[35mCOMMIT[0m
  [1m[35m (0.3ms)[0m  [1m[34mSELECT pg_advisory_unlock(4505726345591715405)[0m
  [1m[35m (13.0ms)[0m  [1m[34mSELECT "schema_migrations"."version" FROM "schema_migrations" ORDER BY "schema_migrations"."version" ASC[0m
